<?xml version="1.0" encoding="UTF-8"?>
<!-- Generated by org.testng.reporters.JUnitXMLReporter -->
<testsuite ignored="0" hostname="VWVITHLPUB2449" failures="1" tests="1" name="Test" time="4.376" errors="0" timestamp="2025-01-21T13:34:31 IST">
  <testcase classname="org.vw.qa.Testcases.RestTest" name="createAirline" time="3.822">
    <failure type="java.lang.AssertionError" message="expected [201] but found [200]">
      <![CDATA[java.lang.AssertionError: expected [201] but found [200]
at org.vw.qa.Testcases.RestTest.createAirline(RestTest.java:31)
at java.base/java.util.ArrayList.forEach(ArrayList.java:1541)
... Removed 34 stack frames]]>
    </failure>
  </testcase> <!-- createAirline -->
</testsuite> <!-- Test -->
